This is XeTeX, Version 3.14159265-2.6-0.99991 (TeX Live 2014/W32TeX) (preloaded format=xelatex 2014.8.13)  27 JAN 2015 20:15
entering extended mode
 restricted \write18 enabled.
 %&-line parsing enabled.
**ijcai15.tex
(./ijcai15.tex
LaTeX2e <2014/05/01>
Babel <3.9k> and hyphenation patterns for 78 languages loaded.
IJCAI-15 Instructions for Authors
(d:/texlive/2014/texmf-dist/tex/latex/base/article.cls
Document Class: article 2007/10/19 v1.4h Standard LaTeX document class
(d:/texlive/2014/texmf-dist/tex/latex/base/size10.clo
File: size10.clo 2007/10/19 v1.4h Standard LaTeX file (size option)
)
\c@part=\count80
\c@section=\count81
\c@subsection=\count82
\c@subsubsection=\count83
\c@paragraph=\count84
\c@subparagraph=\count85
\c@figure=\count86
\c@table=\count87
\abovecaptionskip=\skip41
\belowcaptionskip=\skip42
\bibindent=\dimen102
) (./ijcai15.sty
Conference Style, version of 6 September 1995 (revised Nov 2010)
\titlebox=\skip43
Named Citation Style, version of 30 November 1994
) (d:/texlive/2014/texmf-dist/tex/latex/psnfss/times.sty
Package: times 2005/04/12 PSNFSS-v9.2a (SPQR) 
)
(d:/texlive/2014/texmf-dist/tex/latex/psnfss/helvet.sty
Package: helvet 2005/04/12 PSNFSS-v9.2a (WaS) 

(d:/texlive/2014/texmf-dist/tex/latex/graphics/keyval.sty
Package: keyval 2014/05/08 v1.15 key=value parser (DPC)
\KV@toks@=\toks14
))
(d:/texlive/2014/texmf-dist/tex/latex/psnfss/courier.sty
Package: courier 2005/04/12 PSNFSS-v9.2a (WaS) 
)
(d:/texlive/2014/texmf-dist/tex/latex/tools/bm.sty
Package: bm 2004/02/26 v1.1c Bold Symbol Support (DPC/FMi)
\symboldoperators=\mathgroup4
\symboldletters=\mathgroup5
\symboldsymbols=\mathgroup6
LaTeX Font Info:    Redeclaring math alphabet \mathbf on input line 137.
LaTeX Info: Redefining \bm on input line 203.
)
(d:/texlive/2014/texmf-dist/tex/latex/amsmath/amsmath.sty
Package: amsmath 2013/01/14 v2.14 AMS math features
\@mathmargin=\skip44

For additional information on amsmath, use the `?' option.
(d:/texlive/2014/texmf-dist/tex/latex/amsmath/amstext.sty
Package: amstext 2000/06/29 v2.01

(d:/texlive/2014/texmf-dist/tex/latex/amsmath/amsgen.sty
File: amsgen.sty 1999/11/30 v2.0
\@emptytoks=\toks15
\ex@=\dimen103
))
(d:/texlive/2014/texmf-dist/tex/latex/amsmath/amsbsy.sty
Package: amsbsy 1999/11/29 v1.2d
LaTeX Info: Redefining \boldsymbol on input line 39.
\pmbraise@=\dimen104
)
(d:/texlive/2014/texmf-dist/tex/latex/amsmath/amsopn.sty
Package: amsopn 1999/12/14 v2.01 operator names
)
\inf@bad=\count88
LaTeX Info: Redefining \frac on input line 210.
\uproot@=\count89
\leftroot@=\count90
LaTeX Info: Redefining \overline on input line 306.
\classnum@=\count91
\DOTSCASE@=\count92
LaTeX Info: Redefining \ldots on input line 378.
LaTeX Info: Redefining \dots on input line 381.
LaTeX Info: Redefining \cdots on input line 466.
\Mathstrutbox@=\box26
\strutbox@=\box27
\big@size=\dimen105
LaTeX Font Info:    Redeclaring font encoding OML on input line 566.
LaTeX Font Info:    Redeclaring font encoding OMS on input line 567.
\macc@depth=\count93
\c@MaxMatrixCols=\count94
\dotsspace@=\muskip10
\c@parentequation=\count95
\dspbrk@lvl=\count96
\tag@help=\toks16
\row@=\count97
\column@=\count98
\maxfields@=\count99
\andhelp@=\toks17
\eqnshift@=\dimen106
\alignsep@=\dimen107
\tagshift@=\dimen108
\tagwidth@=\dimen109
\totwidth@=\dimen110
\lineht@=\dimen111
\@envbody=\toks18
\multlinegap=\skip45
\multlinetaggap=\skip46
\mathdisplay@stack=\toks19
LaTeX Info: Redefining \[ on input line 2665.
LaTeX Info: Redefining \] on input line 2666.
)
(d:/texlive/2014/texmf-dist/tex/latex/cases/cases.sty
Package: cases 2002/05/02 ver 2.5 
)
(d:/texlive/2014/texmf-dist/tex/latex/multirow/multirow.sty
\bigstrutjot=\dimen112
)
(d:/texlive/2014/texmf-dist/tex/latex/algorithms/algorithm.sty
Invalid UTF-8 byte or sequence at line 11 replaced by U+FFFD.
Package: algorithm 2009/08/24 v0.1 Document Style `algorithm' - floating enviro
nment

(d:/texlive/2014/texmf-dist/tex/latex/float/float.sty
Package: float 2001/11/08 v1.3d Float enhancements (AL)
\c@float@type=\count100
\float@exts=\toks20
\float@box=\box28
\@float@everytoks=\toks21
\@floatcapt=\box29
)
(d:/texlive/2014/texmf-dist/tex/latex/base/ifthen.sty
Package: ifthen 2001/05/26 v1.1c Standard LaTeX ifthen package (DPC)
)
\@float@every@algorithm=\toks22
\c@algorithm=\count101
)
(d:/texlive/2014/texmf-dist/tex/latex/algorithms/algorithmic.sty
Invalid UTF-8 byte or sequence at line 11 replaced by U+FFFD.
Package: algorithmic 2009/08/24 v0.1 Document Style `algorithmic'
\c@ALC@unique=\count102
\c@ALC@line=\count103
\c@ALC@rem=\count104
\c@ALC@depth=\count105
\ALC@tlm=\skip47
\algorithmicindent=\skip48
)
(d:/texlive/2014/texmf-dist/tex/latex/booktabs/booktabs.sty
Package: booktabs 2005/04/14 v1.61803 publication quality tables
\heavyrulewidth=\dimen113
\lightrulewidth=\dimen114
\cmidrulewidth=\dimen115
\belowrulesep=\dimen116
\belowbottomsep=\dimen117
\aboverulesep=\dimen118
\abovetopsep=\dimen119
\cmidrulesep=\dimen120
\cmidrulekern=\dimen121
\defaultaddspace=\dimen122
\@cmidla=\count106
\@cmidlb=\count107
\@aboverulesep=\dimen123
\@belowrulesep=\dimen124
\@thisruleclass=\count108
\@lastruleclass=\count109
\@thisrulewidth=\dimen125
)
(d:/texlive/2014/texmf-dist/tex/latex/graphics/graphicx.sty
Package: graphicx 2014/04/25 v1.0g Enhanced LaTeX Graphics (DPC,SPQR)

(d:/texlive/2014/texmf-dist/tex/latex/graphics/graphics.sty
Package: graphics 2009/02/05 v1.0o Standard LaTeX Graphics (DPC,SPQR)

(d:/texlive/2014/texmf-dist/tex/latex/graphics/trig.sty
Package: trig 1999/03/16 v1.09 sin cos tan (DPC)
)
(d:/texlive/2014/texmf-dist/tex/latex/latexconfig/graphics.cfg
File: graphics.cfg 2010/04/23 v1.9 graphics configuration of TeX Live
)
Package graphics Info: Driver file: xetex.def on input line 91.

(d:/texlive/2014/texmf-dist/tex/xelatex/xetex-def/xetex.def
File: xetex.def 2014/04/28 v4.01 LaTeX color/graphics driver for XeTeX (RRM/JK)

))
\Gin@req@height=\dimen126
\Gin@req@width=\dimen127
) (./ijcai15.aux

LaTeX Warning: Label `alg:Framwork' multiply defined.

)
\openout1 = `ijcai15.aux'.

LaTeX Font Info:    Checking defaults for OML/cmm/m/it on input line 33.
LaTeX Font Info:    ... okay on input line 33.
LaTeX Font Info:    Checking defaults for T1/cmr/m/n on input line 33.
LaTeX Font Info:    ... okay on input line 33.
LaTeX Font Info:    Checking defaults for OT1/cmr/m/n on input line 33.
LaTeX Font Info:    ... okay on input line 33.
LaTeX Font Info:    Checking defaults for OMS/cmsy/m/n on input line 33.
LaTeX Font Info:    ... okay on input line 33.
LaTeX Font Info:    Checking defaults for OMX/cmex/m/n on input line 33.
LaTeX Font Info:    ... okay on input line 33.
LaTeX Font Info:    Checking defaults for U/cmr/m/n on input line 33.
LaTeX Font Info:    ... okay on input line 33.
LaTeX Font Info:    Try loading font information for OT1+ptm on input line 33.
 (d:/texlive/2014/texmf-dist/tex/latex/psnfss/ot1ptm.fd
File: ot1ptm.fd 2001/06/04 font definitions for OT1/ptm.
)
LaTeX Font Info:    Font shape `OT1/ptm/bx/n' in size <14.4> not available
(Font)              Font shape `OT1/ptm/b/n' tried instead on input line 35.
LaTeX Font Info:    Font shape `OT1/ptm/bx/n' in size <12> not available
(Font)              Font shape `OT1/ptm/b/n' tried instead on input line 35.
LaTeX Font Info:    Try loading font information for OMS+ptm on input line 44.

(d:/texlive/2014/texmf-dist/tex/latex/psnfss/omsptm.fd
File: omsptm.fd 
)
LaTeX Font Info:    Font shape `OMS/ptm/m/n' in size <10> not available
(Font)              Font shape `OMS/cmsy/m/n' tried instead on input line 44.
LaTeX Font Info:    Font shape `OT1/ptm/bx/n' in size <10.95> not available
(Font)              Font shape `OT1/ptm/b/n' tried instead on input line 50.

Underfull \hbox (badness 1478) in paragraph at lines 56--57
\OT1/ptm/m/n/10 We first in-tro-duce a state-of-the-art ma-trix fac-tor-iza-tio
n
 []


Underfull \hbox (badness 10000) in paragraph at lines 59--64

 []


Underfull \vbox (badness 10000) has occurred while \output is active []

 [1



]
Underfull \hbox (badness 10000) in paragraph at lines 71--74

 []

LaTeX Font Info:    Font shape `OT1/ptm/bx/n' in size <10> not available
(Font)              Font shape `OT1/ptm/b/n' tried instead on input line 128.
[2]
Underfull \hbox (badness 10000) in paragraph at lines 169--172

 []


Overfull \hbox (4.47127pt too wide) in paragraph at lines 201--201
[] 
 []


Overfull \hbox (9.51593pt too wide) in paragraph at lines 207--207
[] 
 []


LaTeX Warning: `h' float specifier changed to `ht'.


Underfull \hbox (badness 1275) in paragraph at lines 275--276
[]\OT1/ptm/b/n/10 GS(Genomic se-quence) sim-i-lar-ity \OT1/ptm/m/n/10 is com-pu
ted by
 []

[3]
Underfull \hbox (badness 3281) in paragraph at lines 281--282
[]\OT1/ptm/b/n/10 ATC(Anatomical Ther-a-peu-tic Chem-i-cal) sim-i-lar-
 []

Missing character: There is no – in font ptmr7t!
Missing character: There is no – in font ptmr7t!

Underfull \hbox (badness 7133) in paragraph at lines 285--294
\OT1/ptm/m/n/10 We com-pare the pro-posed frame-work \OT1/ptm/b/n/10 MSTMF \OT1
/ptm/m/n/10 and
 []


Underfull \hbox (badness 1082) in paragraph at lines 285--294
\OT1/ptm/m/n/10 drug-tar-get in-ter-ac-tions un-der the lowdi-men-sional spaces
.
 []


Underfull \hbox (badness 10000) in paragraph at lines 285--294

 []


Underfull \hbox (badness 10000) in paragraph at lines 333--338

 []

File: effect_lambda.eps Graphic file (type eps)
<effect_lambda.eps>
File: effect_dim.eps Graphic file (type eps)
 <effect_dim.eps> [4]
Underfull \hbox (badness 1009) in paragraph at lines 355--356
\OT1/ptm/m/n/10 MSTMF-weight) to model mul-ti-ple sim-i-lar-i-ties for drug
 []


Underfull \hbox (badness 10000) in paragraph at lines 355--356

 []

(./ijcai15.bbl
Underfull \hbox (badness 1590) in paragraph at lines 5--10
[]\OT1/ptm/m/n/10 Michael Ash-burner, Cather-ine A
 []


Underfull \hbox (badness 6526) in paragraph at lines 25--29
[]\OT1/ptm/m/n/10 Laurent Ja-cob and Jean-Philippe
 []

[5]
Missing character: There is no ć in font ptmr7t!
Missing character: There is no — in font ptmr7t!

Underfull \hbox (badness 10000) in paragraph at lines 51--55
[]\OT1/ptm/m/n/10 Twan van Laarhoven,
 []


Underfull \hbox (badness 6675) in paragraph at lines 65--70
[]\OT1/ptm/m/n/10 Yoshihiro Ya-man-ishi, Michi-hiro
 []

) [6

] (./ijcai15.aux)

LaTeX Warning: There were multiply-defined labels.

 ) 
Here is how much of TeX's memory you used:
 1825 strings out of 493734
 22071 string characters out of 6149468
 94354 words of memory out of 5000000
 5111 multiletter control sequences out of 15000+600000
 22304 words of font info for 70 fonts, out of 8000000 for 9000
 1328 hyphenation exceptions out of 8191
 27i,19n,20p,785b,447s stack positions out of 5000i,500n,10000p,200000b,80000s

Output written on ijcai15.pdf (6 pages).
